TN:
SF:src/modules/users/useCases/createUser/CreateUserUseCase.ts
FN:10,CreateUserUseCase
FN:15,Object.<anonymous>.CreateUserUseCase.execute
FNF:2
FNH:2
FNDA:6,CreateUserUseCase
FNDA:7,Object.<anonymous>.CreateUserUseCase.execute
DA:1,1
DA:2,1
DA:3,1
DA:4,1
DA:5,1
DA:6,1
DA:7,1
DA:8,1
DA:9,3
DA:10,3
DA:11,6
DA:12,6
DA:13,6
DA:14,3
DA:15,3
DA:16,7
DA:17,7
DA:18,1
DA:19,1
DA:20,6
DA:21,6
DA:22,6
DA:23,6
DA:24,6
DA:25,7
DA:26,7
DA:27,7
DA:28,3
DA:29,1
LF:29
LH:29
BRDA:9,0,0,3
BRDA:10,1,0,6
BRDA:15,2,0,7
BRDA:16,3,0,7
BRDA:17,4,0,1
BRDA:20,5,0,6
BRF:6
BRH:6
end_of_record
TN:
SF:src/modules/users/useCases/listUsers/ListUsersUseCase.ts
FN:7,ListUsersUseCase
FN:12,Object.<anonymous>.ListUsersUseCase.execute
FNF:2
FNH:2
FNDA:2,ListUsersUseCase
FNDA:2,Object.<anonymous>.ListUsersUseCase.execute
DA:1,1
DA:2,1
DA:3,1
DA:4,1
DA:5,1
DA:6,3
DA:7,3
DA:8,2
DA:9,2
DA:10,2
DA:11,3
DA:12,3
DA:13,2
DA:14,2
DA:15,2
DA:16,3
DA:17,1
LF:17
LH:17
BRDA:6,0,0,3
BRDA:7,1,0,2
BRDA:12,2,0,2
BRDA:13,3,0,2
BRF:4
BRH:4
end_of_record
